
 *******************************************************************************

         NASA-GLENN CHEMICAL EQUILIBRIUM PROGRAM CEA2, MAY 21, 2004
                   BY  BONNIE MCBRIDE AND SANFORD GORDON
      REFS: NASA RP-1311, PART I, 1994 AND NASA RP-1311, PART II, 1996

 *******************************************************************************



 prob
 	case=Pc_02.00__of_01.50.inp o/f=1.5 rocket equilibrium tcest,k=3800 p,bar=20.0 
 sup,ae/at=2.0
 react
 	oxid=H2O2(L) wt=80.0 t,k=290.0
 	oxid=H2O(L) wt=20.0 t,k=290.0
 	fuel=PE wt=100.0 t,k=300.0 h,kj/mol=-54.3 C 2 H 4
 output	transport
 end

 OPTIONS: TP=F  HP=F  SP=F  TV=F  UV=F  SV=F  DETN=F  SHOCK=F  REFL=F  INCD=F
 RKT=T  FROZ=F  EQL=T  IONS=F  SIUNIT=T  DEBUGF=F  SHKDBG=F  DETDBG=F  TRNSPT=T

 TRACE= 0.00E+00  S/R= 0.000000E+00  H/R= 0.000000E+00  U/R= 0.000000E+00

 Pc,BAR =    20.000000

 Pc/P =

 SUBSONIC AREA RATIOS =

 SUPERSONIC AREA RATIOS =     2.0000

 NFZ=  1  Mdot/Ac= 0.000000E+00  Ac/At= 0.000000E+00

    REACTANT          WT.FRAC   (ENERGY/R),K   TEMP,K  DENSITY
        EXPLODED FORMULA
 O: H2O2(L)          0.800000  -0.226722E+05   290.00  0.0000
          H  2.00000  O  2.00000
 O: H2O(L)           0.200000  -0.344511E+05   290.00  0.0000
          H  2.00000  O  1.00000
 F: PE               1.000000  -0.653075E+04   300.00  0.0000
          C  2.00000  H  4.00000

  SPECIES BEING CONSIDERED IN THIS SYSTEM
 (CONDENSED PHASE MAY HAVE NAME LISTED SEVERAL TIMES)
  LAST thermo.inp UPDATE:    9/09/04

  g 7/97  *C               tpis79  *CH              g 4/02  CH2            
  g 4/02  CH3              g11/00  CH2OH            g 7/00  CH3O           
  g 8/99  CH4              g 7/00  CH3OH            srd 01  CH3OOH         
  tpis79  *CO              g 9/99  *CO2             tpis91  COOH           
  tpis91  *C2              g 6/01  C2H              g 1/91  C2H2,acetylene 
  g 5/01  C2H2,vinylidene  g 4/02  CH2CO,ketene     g 3/02  O(CH)2O        
  srd 01  HO(CO)2OH        g 7/01  C2H3,vinyl       g 6/96  CH3CO,acetyl   
  g 1/00  C2H4             g 8/88  C2H4O,ethylen-o  g 8/88  CH3CHO,ethanal 
  g 6/00  CH3COOH          srd 01  OHCH2COOH        g 7/00  C2H5           
  g 7/00  C2H6             g 8/88  C2H5OH           g 7/00  CH3OCH3        
  srd 01  CH3O2CH3         g 8/00  C2O              tpis79  *C3            
  n 4/98  C3H3,1-propynl   n 4/98  C3H3,2-propynl   g 2/00  C3H4,allene    
  g 1/00  C3H4,propyne     g 5/90  C3H4,cyclo-      g 3/01  C3H5,allyl     
  g 2/00  C3H6,propylene   g 1/00  C3H6,cyclo-      g 6/01  C3H6O,propylox 
  g 6/97  C3H6O,acetone    g 1/02  C3H6O,propanal   g 7/01  C3H7,n-propyl  
  g 9/85  C3H7,i-propyl    g 2/00  C3H8             g 2/00  C3H8O,1propanol
  g 2/00  C3H8O,2propanol  g 7/88  C3O2             g tpis  *C4            
  g 7/01  C4H2,butadiyne   g 8/00  C4H4,1,3-cyclo-  n10/92  C4H6,butadiene 
  n10/93  C4H6,1butyne     n10/93  C4H6,2butyne     g 8/00  C4H6,cyclo-    
  n 4/88  C4H8,1-butene    n 4/88  C4H8,cis2-buten  n 4/88  C4H8,tr2-butene
  n 4/88  C4H8,isobutene   g 8/00  C4H8,cyclo-      g10/00  (CH3COOH)2     
  n10/84  C4H9,n-butyl     n10/84  C4H9,i-butyl     g 1/93  C4H9,s-butyl   
  g 1/93  C4H9,t-butyl     g12/00  C4H10,n-butane   g 8/00  C4H10,isobutane
  g 8/00  *C5              g 5/90  C5H6,1,3cyclo-   g 1/93  C5H8,cyclo-    
  n 4/87  C5H10,1-pentene  g 2/01  C5H10,cyclo-     n10/84  C5H11,pentyl   
  g 1/93  C5H11,t-pentyl   n10/85  C5H12,n-pentane  n10/85  C5H12,i-pentane
  n10/85  CH3C(CH3)2CH3    g 2/93  C6H2             g11/00  C6H5,phenyl    
  g 8/00  C6H5O,phenoxy    g 8/00  C6H6             g 8/00  C6H5OH,phenol  
  g 1/93  C6H10,cyclo-     n 4/87  C6H12,1-hexene   g 6/90  C6H12,cyclo-   
  n10/83  C6H13,n-hexyl    g 6/01  C6H14,n-hexane   g 7/01  C7H7,benzyl    
  g 1/93  C7H8             g12/00  C7H8O,cresol-mx  n 4/87  C7H14,1-heptene
  n10/83  C7H15,n-heptyl   n10/85  C7H16,n-heptane  n10/85  C7H16,2-methylh
  n 4/89  C8H8,styrene     n10/86  C8H10,ethylbenz  n 4/87  C8H16,1-octene 
  n10/83  C8H17,n-octyl    n 4/85  C8H18,n-octane   n 4/85  C8H18,isooctane
  n10/83  C9H19,n-nonyl    g 3/01  C10H8,naphthale  n10/83  C10H21,n-decyl 
  g 8/00  C12H9,o-bipheny  g 8/00  C12H10,biphenyl  g 6/97  *H             
  g 1/01  HCO              g 6/01  HCCO             g 4/02  HO2            
  tpis78  *H2              g 5/01  HCHO,formaldehy  g 6/01  HCOOH          
  g 8/89  H2O              g 6/99  H2O2             g 6/01  (HCOOH)2       
  g 5/97  *O               g 4/02  *OH              tpis89  *O2            
  g 8/01  O3               n 4/83  C(gr)            n 4/83  C(gr)          
  n 4/83  C(gr)            g11/99  H2O(cr)          g 8/01  H2O(L)         
  g 8/01  H2O(L)         

 SPECIES WITH TRANSPORT PROPERTIES

        PURE SPECIES

  C                 CH4               CH3OH             CO              
  CO2               C2H2,acetylene  
  C2H4              C2H6              C2H5OH            H               
  H2                H2O             
  O                 OH                O2              

     BINARY INTERACTIONS

     C               O               
     CH4             O2              
     CO              CO2             
     CO              O2              
     CO2             H2              
     CO2             H2O             
     CO2             O2              
     H               H2              
     H               O               
     H2              H2O             
     H2              O2              
     H2O             O2              
     O               O2              


 O/F =   1.500000

                       EFFECTIVE FUEL     EFFECTIVE OXIDANT        MIXTURE
 ENTHALPY                  h(2)/R              h(1)/R               h0/R
 (KG-MOL)(K)/KG       -0.23279914E+03     -0.91569819E+03     -0.64253857E+03

 KG-FORM.WT./KG             bi(2)               bi(1)               b0i
  *H                   0.14258643E+00      0.69241888E-01      0.98579706E-01
  *O                   0.00000000E+00      0.58140201E-01      0.34884121E-01
  *C                   0.71293216E-01      0.00000000E+00      0.28517286E-01

 POINT ITN      T            H           O           C 
   1   19    1057.448      -7.862     -35.620      -1.286
 ADD  C(gr)          
   1    3    1066.133      -7.828     -35.320      -1.616
 Pinf/Pt = 1.729778
   2    4    1015.915      -8.034     -36.580      -1.545
 Pinf/Pt = 1.727388
   2    2    1016.037      -8.034     -36.577      -1.545
   3    4     890.609      -8.642     -40.368      -1.366
   3    3     896.808      -8.608     -40.156      -1.375
   3    2     896.853      -8.608     -40.154      -1.375





              THEORETICAL ROCKET PERFORMANCE ASSUMING EQUILIBRIUM

           COMPOSITION DURING EXPANSION FROM INFINITE AREA COMBUSTOR

 Pin =   290.1 PSIA
 CASE = Pc_02.00__of_01

             REACTANT                    WT FRACTION      ENERGY      TEMP
                                          (SEE NOTE)     KJ/KG-MOL      K  
 OXIDANT     H2O2(L)                      0.8000000   -188508.040    290.000
 OXIDANT     H2O(L)                       0.2000000   -286444.100    290.000
 FUEL        PE                           1.0000000    -54300.000    300.000

 O/F=    1.50000  %FUEL= 40.000000  R,EQ.RATIO= 3.047932  PHI,EQ.RATIO= 6.062540

                 CHAMBER   THROAT     EXIT
 Pinf/P            1.0000   1.7274   7.5016
 P, BAR            20.000   11.578   2.6661
 T, K             1066.13  1016.04   896.85
 RHO, KG/CU M    3.8671 0 2.3838 0 6.4634-1
 H, KJ/KG        -5342.39 -5616.36 -6274.08
 U, KJ/KG        -5859.58 -6102.05 -6686.58
 G, KJ/KG        -18170.7 -17841.9 -17065.5
 S, KJ/(KG)(K)    12.0325  12.0325  12.0325

 M, (1/n)          17.140   17.393   18.078
 MW, MOL WT        16.182   16.026   15.726
 (dLV/dLP)t      -1.11576 -1.11100 -1.09581
 (dLV/dLT)p        2.5995   2.5840   2.4543
 Cp, KJ/(KG)(K)   14.1222  14.2115  13.4773
 GAMMAs            1.1317   1.1282   1.1233
 SON VEL,M/SEC      765.0    740.2    680.7
 MACH NUMBER        0.000    1.000    2.005

 TRANSPORT PROPERTIES (GASES ONLY)
   CONDUCTIVITY IN UNITS OF MILLIWATTS/(CM)(K)

 VISC,MILLIPOISE  0.40977  0.39751  0.36590

  WITH EQUILIBRIUM REACTIONS

 Cp, KJ/(KG)(K)   13.1731  13.7059  14.1912
 CONDUCTIVITY      8.8154   8.8876   8.6522
 PRANDTL NUMBER    0.6123   0.6130   0.6001

  WITH FROZEN REACTIONS

 Cp, KJ/(KG)(K)    2.5746   2.5596   2.5160
 CONDUCTIVITY      1.7990   1.7411   1.5874
 PRANDTL NUMBER    0.5864   0.5844   0.5800

 PERFORMANCE PARAMETERS

 Ae/At                     1.00000   2.0000
 CSTAR, M/SEC               1133.4   1133.4
 CF                         0.6531   1.2044
 Ivac, M/SEC                1396.4   1667.2
 Isp, M/SEC                  740.2   1365.1


 MOLE FRACTIONS

 CH4              0.12952  0.12347  0.11181
 *CO              0.17397  0.14561  0.08198
 *CO2             0.10209  0.10935  0.12462
 C2H6             0.00001  0.00001  0.00000
 *H2              0.35219  0.34821  0.33415
 H2O              0.18635  0.19476  0.21738
 C(gr)            0.05586  0.07859  0.13006

  * THERMODYNAMIC PROPERTIES FITTED TO 20000.K

    PRODUCTS WHICH WERE CONSIDERED BUT WHOSE MOLE FRACTIONS
    WERE LESS THAN 5.000000E-06 FOR ALL ASSIGNED CONDITIONS

 *C              *CH             CH2             CH3             CH2OH          
 CH3O            CH3OH           CH3OOH          COOH            *C2            
 C2H             C2H2,acetylene  C2H2,vinylidene CH2CO,ketene    O(CH)2O        
 HO(CO)2OH       C2H3,vinyl      CH3CO,acetyl    C2H4            C2H4O,ethylen-o
 CH3CHO,ethanal  CH3COOH         OHCH2COOH       C2H5            C2H5OH         
 CH3OCH3         CH3O2CH3        C2O             *C3             C3H3,1-propynl 
 C3H3,2-propynl  C3H4,allene     C3H4,propyne    C3H4,cyclo-     C3H5,allyl     
 C3H6,propylene  C3H6,cyclo-     C3H6O,propylox  C3H6O,acetone   C3H6O,propanal 
 C3H7,n-propyl   C3H7,i-propyl   C3H8            C3H8O,1propanol C3H8O,2propanol
 C3O2            *C4             C4H2,butadiyne  C4H4,1,3-cyclo- C4H6,butadiene 
 C4H6,1butyne    C4H6,2butyne    C4H6,cyclo-     C4H8,1-butene   C4H8,cis2-buten
 C4H8,tr2-butene C4H8,isobutene  C4H8,cyclo-     (CH3COOH)2      C4H9,n-butyl   
 C4H9,i-butyl    C4H9,s-butyl    C4H9,t-butyl    C4H10,n-butane  C4H10,isobutane
 *C5             C5H6,1,3cyclo-  C5H8,cyclo-     C5H10,1-pentene C5H10,cyclo-   
 C5H11,pentyl    C5H11,t-pentyl  C5H12,n-pentane C5H12,i-pentane CH3C(CH3)2CH3  
 C6H2            C6H5,phenyl     C6H5O,phenoxy   C6H6            C6H5OH,phenol  
 C6H10,cyclo-    C6H12,1-hexene  C6H12,cyclo-    C6H13,n-hexyl   C6H14,n-hexane 
 C7H7,benzyl     C7H8            C7H8O,cresol-mx C7H14,1-heptene C7H15,n-heptyl 
 C7H16,n-heptane C7H16,2-methylh C8H8,styrene    C8H10,ethylbenz C8H16,1-octene 
 C8H17,n-octyl   C8H18,n-octane  C8H18,isooctane C9H19,n-nonyl   C10H8,naphthale
 C10H21,n-decyl  C12H9,o-bipheny C12H10,biphenyl *H              HCO            
 HCCO            HO2             HCHO,formaldehy HCOOH           H2O2           
 (HCOOH)2        *O              *OH             *O2             O3             
 H2O(cr)         H2O(L)         

 NOTE. WEIGHT FRACTION OF FUEL IN TOTAL FUELS AND OF OXIDANT IN TOTAL OXIDANTS



