
 *******************************************************************************

         NASA-GLENN CHEMICAL EQUILIBRIUM PROGRAM CEA2, MAY 21, 2004
                   BY  BONNIE MCBRIDE AND SANFORD GORDON
      REFS: NASA RP-1311, PART I, 1994 AND NASA RP-1311, PART II, 1996

 *******************************************************************************



 prob
 	case=Pc_02.00__of_02.50.inp o/f=2.5 rocket equilibrium tcest,k=3800 p,bar=20.0 
 sup,ae/at=3.0
 react
 	oxid=O2 wt=50.0 t,k=280.0
 	oxid=N2O wt=50.0 t,k=280.0
 	fuel=PMMA wt=20.0 t,k=280.0 h,kj/mol=-468.0 C 5 H 8 O 2
 	fuel=PE wt=80.0 t,k=280.0 h,kj/mol=-54.2 C 2 H 4
 output	transport
 end

 OPTIONS: TP=F  HP=F  SP=F  TV=F  UV=F  SV=F  DETN=F  SHOCK=F  REFL=F  INCD=F
 RKT=T  FROZ=F  EQL=T  IONS=F  SIUNIT=T  DEBUGF=F  SHKDBG=F  DETDBG=F  TRNSPT=T

 TRACE= 0.00E+00  S/R= 0.000000E+00  H/R= 0.000000E+00  U/R= 0.000000E+00

 Pc,BAR =    20.000000

 Pc/P =

 SUBSONIC AREA RATIOS =

 SUPERSONIC AREA RATIOS =     3.0000

 NFZ=  1  Mdot/Ac= 0.000000E+00  Ac/At= 0.000000E+00

    REACTANT          WT.FRAC   (ENERGY/R),K   TEMP,K  DENSITY
        EXPLODED FORMULA
 O: O2               0.500000  -0.640406E+02   280.00  0.0000
          O  2.00000
 O: N2O              0.500000   0.973076E+04   280.00  0.0000
          N  2.00000  O  1.00000
 F: PMMA             0.200000  -0.562871E+05   280.00  0.0000
          C  5.00000  H  8.00000  O  2.00000
 F: PE               0.800000  -0.651872E+04   280.00  0.0000
          C  2.00000  H  4.00000

  SPECIES BEING CONSIDERED IN THIS SYSTEM
 (CONDENSED PHASE MAY HAVE NAME LISTED SEVERAL TIMES)
  LAST thermo.inp UPDATE:    9/09/04

  g 7/97  *C               tpis79  *CH              g 4/02  CH2            
  g 4/02  CH3              g11/00  CH2OH            g 7/00  CH3O           
  g 8/99  CH4              g 7/00  CH3OH            srd 01  CH3OOH         
  g 8/99  *CN              g12/99  CNN              tpis79  *CO            
  g 9/99  *CO2             tpis91  COOH             tpis91  *C2            
  g 6/01  C2H              g 1/91  C2H2,acetylene   g 5/01  C2H2,vinylidene
  g 4/02  CH2CO,ketene     g 3/02  O(CH)2O          srd 01  HO(CO)2OH      
  g 7/01  C2H3,vinyl       g 9/00  CH3CN            g 6/96  CH3CO,acetyl   
  g 1/00  C2H4             g 8/88  C2H4O,ethylen-o  g 8/88  CH3CHO,ethanal 
  g 6/00  CH3COOH          srd 01  OHCH2COOH        g 7/00  C2H5           
  g 7/00  C2H6             g 8/88  CH3N2CH3         g 8/88  C2H5OH         
  g 7/00  CH3OCH3          srd 01  CH3O2CH3         g 7/00  CCN            
  tpis91  CNC              srd 01  OCCN             tpis79  C2N2           
  g 8/00  C2O              tpis79  *C3              n 4/98  C3H3,1-propynl 
  n 4/98  C3H3,2-propynl   g 2/00  C3H4,allene      g 1/00  C3H4,propyne   
  g 5/90  C3H4,cyclo-      g 3/01  C3H5,allyl       g 2/00  C3H6,propylene 
  g 1/00  C3H6,cyclo-      g 6/01  C3H6O,propylox   g 6/97  C3H6O,acetone  
  g 1/02  C3H6O,propanal   g 7/01  C3H7,n-propyl    g 9/85  C3H7,i-propyl  
  g 2/00  C3H8             g 2/00  C3H8O,1propanol  g 2/00  C3H8O,2propanol
  srd 01  CNCOCN           g 7/88  C3O2             g tpis  *C4            
  g 7/01  C4H2,butadiyne   g 8/00  C4H4,1,3-cyclo-  n10/92  C4H6,butadiene 
  n10/93  C4H6,1butyne     n10/93  C4H6,2butyne     g 8/00  C4H6,cyclo-    
  n 4/88  C4H8,1-butene    n 4/88  C4H8,cis2-buten  n 4/88  C4H8,tr2-butene
  n 4/88  C4H8,isobutene   g 8/00  C4H8,cyclo-      g10/00  (CH3COOH)2     
  n10/84  C4H9,n-butyl     n10/84  C4H9,i-butyl     g 1/93  C4H9,s-butyl   
  g 1/93  C4H9,t-butyl     g12/00  C4H10,n-butane   g 8/00  C4H10,isobutane
  g 6/01  C4N2             g 8/00  *C5              g 5/90  C5H6,1,3cyclo- 
  g 1/93  C5H8,cyclo-      n 4/87  C5H10,1-pentene  g 2/01  C5H10,cyclo-   
  n10/84  C5H11,pentyl     g 1/93  C5H11,t-pentyl   n10/85  C5H12,n-pentane
  n10/85  C5H12,i-pentane  n10/85  CH3C(CH3)2CH3    g 2/93  C6H2           
  g11/00  C6H5,phenyl      g 8/00  C6H5O,phenoxy    g 8/00  C6H6           
  g 8/00  C6H5OH,phenol    g 1/93  C6H10,cyclo-     n 4/87  C6H12,1-hexene 
  g 6/90  C6H12,cyclo-     n10/83  C6H13,n-hexyl    g 6/01  C6H14,n-hexane 
  g 7/01  C7H7,benzyl      g 1/93  C7H8             g12/00  C7H8O,cresol-mx
  n 4/87  C7H14,1-heptene  n10/83  C7H15,n-heptyl   n10/85  C7H16,n-heptane
  n10/85  C7H16,2-methylh  n 4/89  C8H8,styrene     n10/86  C8H10,ethylbenz
  n 4/87  C8H16,1-octene   n10/83  C8H17,n-octyl    n 4/85  C8H18,n-octane 
  n 4/85  C8H18,isooctane  n10/83  C9H19,n-nonyl    g 3/01  C10H8,naphthale
  n10/83  C10H21,n-decyl   g 8/00  C12H9,o-bipheny  g 8/00  C12H10,biphenyl
  g 6/97  *H               g 6/01  HCN              g 1/01  HCO            
  tpis89  HCCN             g 6/01  HCCO             g 6/01  HNC            
  g 7/00  HNCO             g10/01  HNO              tpis89  HNO2           
  g 5/99  HNO3             g 4/02  HO2              tpis78  *H2            
  g 5/01  HCHO,formaldehy  g 6/01  HCOOH            g 8/89  H2O            
  g 6/99  H2O2             g 6/01  (HCOOH)2         g 5/97  *N             
  g 6/01  NCO              g 4/99  *NH              g 3/01  NH2            
  tpis89  NH3              tpis89  NH2OH            tpis89  *NO            
  g 4/99  NO2              j12/64  NO3              tpis78  *N2            
  g 6/01  NCN              g 5/99  N2H2             tpis89  NH2NO2         
  g 4/99  N2H4             g 4/99  N2O              g 4/99  N2O3           
  tpis89  N2O4             g 4/99  N2O5             tpis89  N3             
  g 4/99  N3H              g 5/97  *O               g 4/02  *OH            
  tpis89  *O2              g 8/01  O3               n 4/83  C(gr)          
  n 4/83  C(gr)            n 4/83  C(gr)            g11/99  H2O(cr)        
  g 8/01  H2O(L)           g 8/01  H2O(L)         

 SPECIES WITH TRANSPORT PROPERTIES

        PURE SPECIES

  C                 CH4               CH3OH             CO              
  CO2               C2H2,acetylene  
  C2H4              C2H6              C2H5OH            C2N2            
  H                 HCN             
  H2                H2O               N                 NH3             
  NO                NO2             
  N2                N2O               N2O4              O               
  OH                O2              

     BINARY INTERACTIONS

     C               O               
     CH4             O2              
     CO              CO2             
     CO              N2              
     CO              O2              
     CO2             H2              
     CO2             H2O             
     CO2             N2              
     CO2             O2              
     H               H2              
     H               N               
     H               N2              
     H               O               
     H2              H2O             
     H2              N2              
     H2              O2              
     H2O             N2              
     H2O             O2              
     N               NO              
     N               N2              
     N               O               
     N               O2              
     NO              O               
     N2              O               
     N2              O2              
     O               O2              


 O/F =   2.500000

                       EFFECTIVE FUEL     EFFECTIVE OXIDANT        MIXTURE
 ENTHALPY                  h(2)/R              h(1)/R               h0/R
 (KG-MOL)(K)/KG       -0.29834038E+03      0.10954399E+03     -0.69944019E+01

 KG-FORM.WT./KG             bi(2)               bi(1)               b0i
  *O                   0.39953726E-02      0.42611503E-01      0.31578323E-01
  *N                   0.00000000E+00      0.22720663E-01      0.16229045E-01
  *C                   0.67023004E-01      0.00000000E+00      0.19149430E-01
  *H                   0.13005064E+00      0.00000000E+00      0.37157325E-01

 POINT ITN      T            O           N           C           H 

   1   21    3060.571     -17.973     -13.604     -13.636      -9.812

 Pinf/Pt = 1.763351
   2    4    2809.706     -18.700     -13.726     -13.546      -9.931

 Pinf/Pt = 1.772730
   2    2    2807.353     -18.708     -13.727     -13.545      -9.932

 Pinf/Pt = 1.772826
   2    1    2807.329     -18.708     -13.727     -13.545      -9.932

   3    4    1890.359     -23.386     -14.114     -11.977     -10.301

   3    3    1874.862     -23.509     -14.121     -11.927     -10.308

   3    1    1874.890     -23.509     -14.121     -11.927     -10.308






              THEORETICAL ROCKET PERFORMANCE ASSUMING EQUILIBRIUM

           COMPOSITION DURING EXPANSION FROM INFINITE AREA COMBUSTOR

 Pin =   290.1 PSIA
 CASE = Pc_02.00__of_02

             REACTANT                    WT FRACTION      ENERGY      TEMP
                                          (SEE NOTE)     KJ/KG-MOL      K  
 OXIDANT     O2                           0.5000000      -532.466    280.000
 OXIDANT     N2O                          0.5000000     80906.504    280.000
 FUEL        PMMA                         0.2000000   -468000.000    280.000
 FUEL        PE                           0.8000000    -54200.000    280.000

 O/F=    2.50000  %FUEL= 28.571429  R,EQ.RATIO= 1.801157  PHI,EQ.RATIO= 1.831205

                 CHAMBER   THROAT     EXIT
 Pinf/P            1.0000   1.7728   16.114
 P, BAR            20.000   11.281   1.2411
 T, K             3060.57  2807.33  1874.89
 RHO, KG/CU M    1.6907 0 1.0463 0 1.7365-1
 H, KJ/KG         -58.155  -705.33 -2668.89
 U, KJ/KG        -1241.10 -1783.55 -3383.62
 G, KJ/KG        -35982.7 -33657.4 -24676.1
 S, KJ/(KG)(K)    11.7379  11.7379  11.7379

 M, (1/n)          21.512   21.648   21.811
 (dLV/dLP)t      -1.00718 -1.00387 -1.00007
 (dLV/dLT)p        1.1407   1.0815   1.0022
 Cp, KJ/(KG)(K)    3.0593   2.6293   1.9138
 GAMMAs            1.1866   1.2005   1.2500
 SON VEL,M/SEC     1184.7   1137.7    945.2
 MACH NUMBER        0.000    1.000    2.418

 TRANSPORT PROPERTIES (GASES ONLY)
   CONDUCTIVITY IN UNITS OF MILLIWATTS/(CM)(K)

 VISC,MILLIPOISE  0.92736  0.87194  0.65738

  WITH EQUILIBRIUM REACTIONS

 Cp, KJ/(KG)(K)    3.0593   2.6293   1.9138
 CONDUCTIVITY      7.1902   5.4455   2.1265
 PRANDTL NUMBER    0.3946   0.4210   0.5916

  WITH FROZEN REACTIONS

 Cp, KJ/(KG)(K)    1.9658   1.9472   1.8440
 CONDUCTIVITY      3.0722   2.8353   1.9917
 PRANDTL NUMBER    0.5934   0.5988   0.6086

 PERFORMANCE PARAMETERS

 Ae/At                      1.0000   3.0000
 CSTAR, M/SEC               1680.1   1680.1
 CF                         0.6771   1.3600
 Ivac, M/SEC                2085.4   2597.8
 Isp, M/SEC                 1137.7   2285.1


 MOLE FRACTIONS

 *CO              0.35839  0.35760  0.34106
 *CO2             0.05353  0.05695  0.07660
 *H               0.01811  0.01083  0.00027
 HCO              0.00001  0.00000  0.00000
 *H2              0.18211  0.18703  0.21061
 H2O              0.20465  0.20789  0.19446
 *NO              0.00072  0.00028  0.00000
 *N2              0.17419  0.17552  0.17698
 *O               0.00043  0.00012  0.00000
 *OH              0.00765  0.00371  0.00002
 *O2              0.00019  0.00005  0.00000

  * THERMODYNAMIC PROPERTIES FITTED TO 20000.K

    PRODUCTS WHICH WERE CONSIDERED BUT WHOSE MOLE FRACTIONS
    WERE LESS THAN 5.000000E-06 FOR ALL ASSIGNED CONDITIONS

 *C              *CH             CH2             CH3             CH2OH          
 CH3O            CH4             CH3OH           CH3OOH          *CN            
 CNN             COOH            *C2             C2H             C2H2,acetylene 
 C2H2,vinylidene CH2CO,ketene    O(CH)2O         HO(CO)2OH       C2H3,vinyl     
 CH3CN           CH3CO,acetyl    C2H4            C2H4O,ethylen-o CH3CHO,ethanal 
 CH3COOH         OHCH2COOH       C2H5            C2H6            CH3N2CH3       
 C2H5OH          CH3OCH3         CH3O2CH3        CCN             CNC            
 OCCN            C2N2            C2O             *C3             C3H3,1-propynl 
 C3H3,2-propynl  C3H4,allene     C3H4,propyne    C3H4,cyclo-     C3H5,allyl     
 C3H6,propylene  C3H6,cyclo-     C3H6O,propylox  C3H6O,acetone   C3H6O,propanal 
 C3H7,n-propyl   C3H7,i-propyl   C3H8            C3H8O,1propanol C3H8O,2propanol
 CNCOCN          C3O2            *C4             C4H2,butadiyne  C4H4,1,3-cyclo-
 C4H6,butadiene  C4H6,1butyne    C4H6,2butyne    C4H6,cyclo-     C4H8,1-butene  
 C4H8,cis2-buten C4H8,tr2-butene C4H8,isobutene  C4H8,cyclo-     (CH3COOH)2     
 C4H9,n-butyl    C4H9,i-butyl    C4H9,s-butyl    C4H9,t-butyl    C4H10,n-butane 
 C4H10,isobutane C4N2            *C5             C5H6,1,3cyclo-  C5H8,cyclo-    
 C5H10,1-pentene C5H10,cyclo-    C5H11,pentyl    C5H11,t-pentyl  C5H12,n-pentane
 C5H12,i-pentane CH3C(CH3)2CH3   C6H2            C6H5,phenyl     C6H5O,phenoxy  
 C6H6            C6H5OH,phenol   C6H10,cyclo-    C6H12,1-hexene  C6H12,cyclo-   
 C6H13,n-hexyl   C6H14,n-hexane  C7H7,benzyl     C7H8            C7H8O,cresol-mx
 C7H14,1-heptene C7H15,n-heptyl  C7H16,n-heptane C7H16,2-methylh C8H8,styrene   
 C8H10,ethylbenz C8H16,1-octene  C8H17,n-octyl   C8H18,n-octane  C8H18,isooctane
 C9H19,n-nonyl   C10H8,naphthale C10H21,n-decyl  C12H9,o-bipheny C12H10,biphenyl
 HCN             HCCN            HCCO            HNC             HNCO           
 HNO             HNO2            HNO3            HO2             HCHO,formaldehy
 HCOOH           H2O2            (HCOOH)2        *N              NCO            
 *NH             NH2             NH3             NH2OH           NO2            
 NO3             NCN             N2H2            NH2NO2          N2H4           
 N2O             N2O3            N2O4            N2O5            N3             
 N3H             O3              C(gr)           H2O(cr)         H2O(L)         

 NOTE. WEIGHT FRACTION OF FUEL IN TOTAL FUELS AND OF OXIDANT IN TOTAL OXIDANTS



