
 *******************************************************************************

         NASA-GLENN CHEMICAL EQUILIBRIUM PROGRAM CEA2, MAY 21, 2004
                   BY  BONNIE MCBRIDE AND SANFORD GORDON
      REFS: NASA RP-1311, PART I, 1994 AND NASA RP-1311, PART II, 1996

 *******************************************************************************



 prob
 	case=Pc_02.00__of_01.50.inp o/f=1.5 rocket equilibrium tcest,k=3800 p,bar=20.0 
 sup,ae/at=3.0
 react
 	oxid=O2 wt=50.0 t,k=280.0
 	oxid=N2O wt=50.0 t,k=280.0
 	fuel=PMMA wt=20.0 t,k=280.0 h,kj/mol=-468.0 C 5 H 8 O 2
 	fuel=PE wt=80.0 t,k=280.0 h,kj/mol=-54.2 C 2 H 4
 output	transport
 end

 OPTIONS: TP=F  HP=F  SP=F  TV=F  UV=F  SV=F  DETN=F  SHOCK=F  REFL=F  INCD=F
 RKT=T  FROZ=F  EQL=T  IONS=F  SIUNIT=T  DEBUGF=F  SHKDBG=F  DETDBG=F  TRNSPT=T

 TRACE= 0.00E+00  S/R= 0.000000E+00  H/R= 0.000000E+00  U/R= 0.000000E+00

 Pc,BAR =    20.000000

 Pc/P =

 SUBSONIC AREA RATIOS =

 SUPERSONIC AREA RATIOS =     3.0000

 NFZ=  1  Mdot/Ac= 0.000000E+00  Ac/At= 0.000000E+00

    REACTANT          WT.FRAC   (ENERGY/R),K   TEMP,K  DENSITY
        EXPLODED FORMULA
 O: O2               0.500000  -0.640406E+02   280.00  0.0000
          O  2.00000
 O: N2O              0.500000   0.973076E+04   280.00  0.0000
          N  2.00000  O  1.00000
 F: PMMA             0.200000  -0.562871E+05   280.00  0.0000
          C  5.00000  H  8.00000  O  2.00000
 F: PE               0.800000  -0.651872E+04   280.00  0.0000
          C  2.00000  H  4.00000

  SPECIES BEING CONSIDERED IN THIS SYSTEM
 (CONDENSED PHASE MAY HAVE NAME LISTED SEVERAL TIMES)
  LAST thermo.inp UPDATE:    9/09/04

  g 7/97  *C               tpis79  *CH              g 4/02  CH2            
  g 4/02  CH3              g11/00  CH2OH            g 7/00  CH3O           
  g 8/99  CH4              g 7/00  CH3OH            srd 01  CH3OOH         
  g 8/99  *CN              g12/99  CNN              tpis79  *CO            
  g 9/99  *CO2             tpis91  COOH             tpis91  *C2            
  g 6/01  C2H              g 1/91  C2H2,acetylene   g 5/01  C2H2,vinylidene
  g 4/02  CH2CO,ketene     g 3/02  O(CH)2O          srd 01  HO(CO)2OH      
  g 7/01  C2H3,vinyl       g 9/00  CH3CN            g 6/96  CH3CO,acetyl   
  g 1/00  C2H4             g 8/88  C2H4O,ethylen-o  g 8/88  CH3CHO,ethanal 
  g 6/00  CH3COOH          srd 01  OHCH2COOH        g 7/00  C2H5           
  g 7/00  C2H6             g 8/88  CH3N2CH3         g 8/88  C2H5OH         
  g 7/00  CH3OCH3          srd 01  CH3O2CH3         g 7/00  CCN            
  tpis91  CNC              srd 01  OCCN             tpis79  C2N2           
  g 8/00  C2O              tpis79  *C3              n 4/98  C3H3,1-propynl 
  n 4/98  C3H3,2-propynl   g 2/00  C3H4,allene      g 1/00  C3H4,propyne   
  g 5/90  C3H4,cyclo-      g 3/01  C3H5,allyl       g 2/00  C3H6,propylene 
  g 1/00  C3H6,cyclo-      g 6/01  C3H6O,propylox   g 6/97  C3H6O,acetone  
  g 1/02  C3H6O,propanal   g 7/01  C3H7,n-propyl    g 9/85  C3H7,i-propyl  
  g 2/00  C3H8             g 2/00  C3H8O,1propanol  g 2/00  C3H8O,2propanol
  srd 01  CNCOCN           g 7/88  C3O2             g tpis  *C4            
  g 7/01  C4H2,butadiyne   g 8/00  C4H4,1,3-cyclo-  n10/92  C4H6,butadiene 
  n10/93  C4H6,1butyne     n10/93  C4H6,2butyne     g 8/00  C4H6,cyclo-    
  n 4/88  C4H8,1-butene    n 4/88  C4H8,cis2-buten  n 4/88  C4H8,tr2-butene
  n 4/88  C4H8,isobutene   g 8/00  C4H8,cyclo-      g10/00  (CH3COOH)2     
  n10/84  C4H9,n-butyl     n10/84  C4H9,i-butyl     g 1/93  C4H9,s-butyl   
  g 1/93  C4H9,t-butyl     g12/00  C4H10,n-butane   g 8/00  C4H10,isobutane
  g 6/01  C4N2             g 8/00  *C5              g 5/90  C5H6,1,3cyclo- 
  g 1/93  C5H8,cyclo-      n 4/87  C5H10,1-pentene  g 2/01  C5H10,cyclo-   
  n10/84  C5H11,pentyl     g 1/93  C5H11,t-pentyl   n10/85  C5H12,n-pentane
  n10/85  C5H12,i-pentane  n10/85  CH3C(CH3)2CH3    g 2/93  C6H2           
  g11/00  C6H5,phenyl      g 8/00  C6H5O,phenoxy    g 8/00  C6H6           
  g 8/00  C6H5OH,phenol    g 1/93  C6H10,cyclo-     n 4/87  C6H12,1-hexene 
  g 6/90  C6H12,cyclo-     n10/83  C6H13,n-hexyl    g 6/01  C6H14,n-hexane 
  g 7/01  C7H7,benzyl      g 1/93  C7H8             g12/00  C7H8O,cresol-mx
  n 4/87  C7H14,1-heptene  n10/83  C7H15,n-heptyl   n10/85  C7H16,n-heptane
  n10/85  C7H16,2-methylh  n 4/89  C8H8,styrene     n10/86  C8H10,ethylbenz
  n 4/87  C8H16,1-octene   n10/83  C8H17,n-octyl    n 4/85  C8H18,n-octane 
  n 4/85  C8H18,isooctane  n10/83  C9H19,n-nonyl    g 3/01  C10H8,naphthale
  n10/83  C10H21,n-decyl   g 8/00  C12H9,o-bipheny  g 8/00  C12H10,biphenyl
  g 6/97  *H               g 6/01  HCN              g 1/01  HCO            
  tpis89  HCCN             g 6/01  HCCO             g 6/01  HNC            
  g 7/00  HNCO             g10/01  HNO              tpis89  HNO2           
  g 5/99  HNO3             g 4/02  HO2              tpis78  *H2            
  g 5/01  HCHO,formaldehy  g 6/01  HCOOH            g 8/89  H2O            
  g 6/99  H2O2             g 6/01  (HCOOH)2         g 5/97  *N             
  g 6/01  NCO              g 4/99  *NH              g 3/01  NH2            
  tpis89  NH3              tpis89  NH2OH            tpis89  *NO            
  g 4/99  NO2              j12/64  NO3              tpis78  *N2            
  g 6/01  NCN              g 5/99  N2H2             tpis89  NH2NO2         
  g 4/99  N2H4             g 4/99  N2O              g 4/99  N2O3           
  tpis89  N2O4             g 4/99  N2O5             tpis89  N3             
  g 4/99  N3H              g 5/97  *O               g 4/02  *OH            
  tpis89  *O2              g 8/01  O3               n 4/83  C(gr)          
  n 4/83  C(gr)            n 4/83  C(gr)            g11/99  H2O(cr)        
  g 8/01  H2O(L)           g 8/01  H2O(L)         

 SPECIES WITH TRANSPORT PROPERTIES

        PURE SPECIES

  C                 CH4               CH3OH             CO              
  CO2               C2H2,acetylene  
  C2H4              C2H6              C2H5OH            C2N2            
  H                 HCN             
  H2                H2O               N                 NH3             
  NO                NO2             
  N2                N2O               N2O4              O               
  OH                O2              

     BINARY INTERACTIONS

     C               O               
     CH4             O2              
     CO              CO2             
     CO              N2              
     CO              O2              
     CO2             H2              
     CO2             H2O             
     CO2             N2              
     CO2             O2              
     H               H2              
     H               N               
     H               N2              
     H               O               
     H2              H2O             
     H2              N2              
     H2              O2              
     H2O             N2              
     H2O             O2              
     N               NO              
     N               N2              
     N               O               
     N               O2              
     NO              O               
     N2              O               
     N2              O2              
     O               O2              


 O/F =   1.500000

                       EFFECTIVE FUEL     EFFECTIVE OXIDANT        MIXTURE
 ENTHALPY                  h(2)/R              h(1)/R               h0/R
 (KG-MOL)(K)/KG       -0.29834038E+03      0.10954399E+03     -0.53609759E+02

 KG-FORM.WT./KG             bi(2)               bi(1)               b0i
  *O                   0.39953726E-02      0.42611503E-01      0.27165051E-01
  *N                   0.00000000E+00      0.22720663E-01      0.13632398E-01
  *C                   0.67023004E-01      0.00000000E+00      0.26809202E-01
  *H                   0.13005064E+00      0.00000000E+00      0.52020254E-01

 POINT ITN      T            O           N           C           H 

   1   18    1683.543     -29.353     -12.773      -3.483      -8.397

 Pinf/Pt = 1.835877
   2    4    1469.080     -31.568     -12.861      -2.600      -8.504

 Pinf/Pt = 1.827548
   2    2    1470.524     -31.551     -12.860      -2.606      -8.503

 Pinf/Pt = 1.827668
   2    1    1470.503     -31.552     -12.860      -2.606      -8.503

   3    6    1027.631     -38.790     -13.435      -0.518      -9.188

 ADD  C(gr)          
   3    4    1057.803     -37.492     -13.474      -1.604      -9.182

   3    3    1068.632     -37.263     -13.438      -1.619      -9.144

   3    2    1068.695     -37.262     -13.438      -1.619      -9.144






              THEORETICAL ROCKET PERFORMANCE ASSUMING EQUILIBRIUM

           COMPOSITION DURING EXPANSION FROM INFINITE AREA COMBUSTOR

 Pin =   290.1 PSIA
 CASE = Pc_02.00__of_01

             REACTANT                    WT FRACTION      ENERGY      TEMP
                                          (SEE NOTE)     KJ/KG-MOL      K  
 OXIDANT     O2                           0.5000000      -532.466    280.000
 OXIDANT     N2O                          0.5000000     80906.504    280.000
 FUEL        PMMA                         0.2000000   -468000.000    280.000
 FUEL        PE                           0.8000000    -54200.000    280.000

 O/F=    1.50000  %FUEL= 40.000000  R,EQ.RATIO= 2.931286  PHI,EQ.RATIO= 3.052008

                 CHAMBER   THROAT     EXIT
 Pinf/P            1.0000   1.8277   15.314
 P, BAR            20.000   10.943   1.3060
 T, K             1683.54  1470.50  1068.70
 RHO, KG/CU M    2.4039 0 1.5125 0 2.6241-1
 H, KJ/KG         -445.74  -913.83 -2173.62
 U, KJ/KG        -1277.71 -1637.34 -2671.33
 G, KJ/KG        -21020.7 -18885.2 -15234.4
 S, KJ/(KG)(K)    12.2212  12.2212  12.2212

 M, (1/n)          16.825   16.899   17.853
 MW, MOL WT        16.825   16.899   17.115
 (dLV/dLP)t      -1.00512 -1.01056 -1.05427
 (dLV/dLT)p        1.0404   1.1005   1.8661
 Cp, KJ/(KG)(K)    2.2359   2.5065   8.6473
 GAMMAs            1.3057   1.2939   1.1538
 SON VEL,M/SEC     1042.3    967.6    757.8
 MACH NUMBER        0.000    1.000    2.453

 TRANSPORT PROPERTIES (GASES ONLY)
   CONDUCTIVITY IN UNITS OF MILLIWATTS/(CM)(K)

 VISC,MILLIPOISE  0.56710  0.51832  0.42314

  WITH EQUILIBRIUM REACTIONS

 Cp, KJ/(KG)(K)    2.2359   2.5065   4.8956
 CONDUCTIVITY      2.5061   2.4344   3.2307
 PRANDTL NUMBER    0.5060   0.5337   0.6412

  WITH FROZEN REACTIONS

 Cp, KJ/(KG)(K)    2.0649   2.0235   1.9378
 CONDUCTIVITY      2.3753   2.1078   1.6148
 PRANDTL NUMBER    0.4930   0.4976   0.5078

 PERFORMANCE PARAMETERS

 Ae/At                      1.0000   3.0000
 CSTAR, M/SEC               1366.7   1366.7
 CF                         0.7080   1.3602
 Ivac, M/SEC                1715.3   2126.7
 Isp, M/SEC                  967.6   1859.0


 MOLE FRACTIONS

 CH4              0.00149  0.00378  0.01029
 *CO              0.44741  0.44615  0.37762
 *CO2             0.00185  0.00297  0.02954
 *H               0.00002  0.00000  0.00000
 HCN              0.00029  0.00014  0.00000
 HNC              0.00001  0.00000  0.00000
 *H2              0.42842  0.42484  0.39628
 H2O              0.00594  0.00697  0.02821
 NH3              0.00007  0.00007  0.00004
 *N2              0.11450  0.11508  0.11663
 C(gr)            0.00000  0.00000  0.04137

  * THERMODYNAMIC PROPERTIES FITTED TO 20000.K

    PRODUCTS WHICH WERE CONSIDERED BUT WHOSE MOLE FRACTIONS
    WERE LESS THAN 5.000000E-06 FOR ALL ASSIGNED CONDITIONS

 *C              *CH             CH2             CH3             CH2OH          
 CH3O            CH3OH           CH3OOH          *CN             CNN            
 COOH            *C2             C2H             C2H2,acetylene  C2H2,vinylidene
 CH2CO,ketene    O(CH)2O         HO(CO)2OH       C2H3,vinyl      CH3CN          
 CH3CO,acetyl    C2H4            C2H4O,ethylen-o CH3CHO,ethanal  CH3COOH        
 OHCH2COOH       C2H5            C2H6            CH3N2CH3        C2H5OH         
 CH3OCH3         CH3O2CH3        CCN             CNC             OCCN           
 C2N2            C2O             *C3             C3H3,1-propynl  C3H3,2-propynl 
 C3H4,allene     C3H4,propyne    C3H4,cyclo-     C3H5,allyl      C3H6,propylene 
 C3H6,cyclo-     C3H6O,propylox  C3H6O,acetone   C3H6O,propanal  C3H7,n-propyl  
 C3H7,i-propyl   C3H8            C3H8O,1propanol C3H8O,2propanol CNCOCN         
 C3O2            *C4             C4H2,butadiyne  C4H4,1,3-cyclo- C4H6,butadiene 
 C4H6,1butyne    C4H6,2butyne    C4H6,cyclo-     C4H8,1-butene   C4H8,cis2-buten
 C4H8,tr2-butene C4H8,isobutene  C4H8,cyclo-     (CH3COOH)2      C4H9,n-butyl   
 C4H9,i-butyl    C4H9,s-butyl    C4H9,t-butyl    C4H10,n-butane  C4H10,isobutane
 C4N2            *C5             C5H6,1,3cyclo-  C5H8,cyclo-     C5H10,1-pentene
 C5H10,cyclo-    C5H11,pentyl    C5H11,t-pentyl  C5H12,n-pentane C5H12,i-pentane
 CH3C(CH3)2CH3   C6H2            C6H5,phenyl     C6H5O,phenoxy   C6H6           
 C6H5OH,phenol   C6H10,cyclo-    C6H12,1-hexene  C6H12,cyclo-    C6H13,n-hexyl  
 C6H14,n-hexane  C7H7,benzyl     C7H8            C7H8O,cresol-mx C7H14,1-heptene
 C7H15,n-heptyl  C7H16,n-heptane C7H16,2-methylh C8H8,styrene    C8H10,ethylbenz
 C8H16,1-octene  C8H17,n-octyl   C8H18,n-octane  C8H18,isooctane C9H19,n-nonyl  
 C10H8,naphthale C10H21,n-decyl  C12H9,o-bipheny C12H10,biphenyl HCO            
 HCCN            HCCO            HNCO            HNO             HNO2           
 HNO3            HO2             HCHO,formaldehy HCOOH           H2O2           
 (HCOOH)2        *N              NCO             *NH             NH2            
 NH2OH           *NO             NO2             NO3             NCN            
 N2H2            NH2NO2          N2H4            N2O             N2O3           
 N2O4            N2O5            N3              N3H             *O             
 *OH             *O2             O3              H2O(cr)         H2O(L)         

 NOTE. WEIGHT FRACTION OF FUEL IN TOTAL FUELS AND OF OXIDANT IN TOTAL OXIDANTS



