
 *******************************************************************************

         NASA-GLENN CHEMICAL EQUILIBRIUM PROGRAM CEA2, MAY 21, 2004
                   BY  BONNIE MCBRIDE AND SANFORD GORDON
      REFS: NASA RP-1311, PART I, 1994 AND NASA RP-1311, PART II, 1996

 *******************************************************************************



 prob
 	case=Pc_01.00__of_01.00.inp o/f=1.0 rocket equilibrium tcest,k=3800 p,bar=10.0 
 sup,ae/at=2.0
 react
 	oxid=H2O2(L) wt=80.0 t,k=290.0
 	oxid=H2O(L) wt=20.0 t,k=290.0
 	fuel=PE wt=100.0 t,k=300.0 h,kj/mol=-54.3 C 2 H 4
 output	transport
 end

 OPTIONS: TP=F  HP=F  SP=F  TV=F  UV=F  SV=F  DETN=F  SHOCK=F  REFL=F  INCD=F
 RKT=T  FROZ=F  EQL=T  IONS=F  SIUNIT=T  DEBUGF=F  SHKDBG=F  DETDBG=F  TRNSPT=T

 TRACE= 0.00E+00  S/R= 0.000000E+00  H/R= 0.000000E+00  U/R= 0.000000E+00

 Pc,BAR =    10.000000

 Pc/P =

 SUBSONIC AREA RATIOS =

 SUPERSONIC AREA RATIOS =     2.0000

 NFZ=  1  Mdot/Ac= 0.000000E+00  Ac/At= 0.000000E+00

    REACTANT          WT.FRAC   (ENERGY/R),K   TEMP,K  DENSITY
        EXPLODED FORMULA
 O: H2O2(L)          0.800000  -0.226722E+05   290.00  0.0000
          H  2.00000  O  2.00000
 O: H2O(L)           0.200000  -0.344511E+05   290.00  0.0000
          H  2.00000  O  1.00000
 F: PE               1.000000  -0.653075E+04   300.00  0.0000
          C  2.00000  H  4.00000

  SPECIES BEING CONSIDERED IN THIS SYSTEM
 (CONDENSED PHASE MAY HAVE NAME LISTED SEVERAL TIMES)
  LAST thermo.inp UPDATE:    9/09/04

  g 7/97  *C               tpis79  *CH              g 4/02  CH2            
  g 4/02  CH3              g11/00  CH2OH            g 7/00  CH3O           
  g 8/99  CH4              g 7/00  CH3OH            srd 01  CH3OOH         
  tpis79  *CO              g 9/99  *CO2             tpis91  COOH           
  tpis91  *C2              g 6/01  C2H              g 1/91  C2H2,acetylene 
  g 5/01  C2H2,vinylidene  g 4/02  CH2CO,ketene     g 3/02  O(CH)2O        
  srd 01  HO(CO)2OH        g 7/01  C2H3,vinyl       g 6/96  CH3CO,acetyl   
  g 1/00  C2H4             g 8/88  C2H4O,ethylen-o  g 8/88  CH3CHO,ethanal 
  g 6/00  CH3COOH          srd 01  OHCH2COOH        g 7/00  C2H5           
  g 7/00  C2H6             g 8/88  C2H5OH           g 7/00  CH3OCH3        
  srd 01  CH3O2CH3         g 8/00  C2O              tpis79  *C3            
  n 4/98  C3H3,1-propynl   n 4/98  C3H3,2-propynl   g 2/00  C3H4,allene    
  g 1/00  C3H4,propyne     g 5/90  C3H4,cyclo-      g 3/01  C3H5,allyl     
  g 2/00  C3H6,propylene   g 1/00  C3H6,cyclo-      g 6/01  C3H6O,propylox 
  g 6/97  C3H6O,acetone    g 1/02  C3H6O,propanal   g 7/01  C3H7,n-propyl  
  g 9/85  C3H7,i-propyl    g 2/00  C3H8             g 2/00  C3H8O,1propanol
  g 2/00  C3H8O,2propanol  g 7/88  C3O2             g tpis  *C4            
  g 7/01  C4H2,butadiyne   g 8/00  C4H4,1,3-cyclo-  n10/92  C4H6,butadiene 
  n10/93  C4H6,1butyne     n10/93  C4H6,2butyne     g 8/00  C4H6,cyclo-    
  n 4/88  C4H8,1-butene    n 4/88  C4H8,cis2-buten  n 4/88  C4H8,tr2-butene
  n 4/88  C4H8,isobutene   g 8/00  C4H8,cyclo-      g10/00  (CH3COOH)2     
  n10/84  C4H9,n-butyl     n10/84  C4H9,i-butyl     g 1/93  C4H9,s-butyl   
  g 1/93  C4H9,t-butyl     g12/00  C4H10,n-butane   g 8/00  C4H10,isobutane
  g 8/00  *C5              g 5/90  C5H6,1,3cyclo-   g 1/93  C5H8,cyclo-    
  n 4/87  C5H10,1-pentene  g 2/01  C5H10,cyclo-     n10/84  C5H11,pentyl   
  g 1/93  C5H11,t-pentyl   n10/85  C5H12,n-pentane  n10/85  C5H12,i-pentane
  n10/85  CH3C(CH3)2CH3    g 2/93  C6H2             g11/00  C6H5,phenyl    
  g 8/00  C6H5O,phenoxy    g 8/00  C6H6             g 8/00  C6H5OH,phenol  
  g 1/93  C6H10,cyclo-     n 4/87  C6H12,1-hexene   g 6/90  C6H12,cyclo-   
  n10/83  C6H13,n-hexyl    g 6/01  C6H14,n-hexane   g 7/01  C7H7,benzyl    
  g 1/93  C7H8             g12/00  C7H8O,cresol-mx  n 4/87  C7H14,1-heptene
  n10/83  C7H15,n-heptyl   n10/85  C7H16,n-heptane  n10/85  C7H16,2-methylh
  n 4/89  C8H8,styrene     n10/86  C8H10,ethylbenz  n 4/87  C8H16,1-octene 
  n10/83  C8H17,n-octyl    n 4/85  C8H18,n-octane   n 4/85  C8H18,isooctane
  n10/83  C9H19,n-nonyl    g 3/01  C10H8,naphthale  n10/83  C10H21,n-decyl 
  g 8/00  C12H9,o-bipheny  g 8/00  C12H10,biphenyl  g 6/97  *H             
  g 1/01  HCO              g 6/01  HCCO             g 4/02  HO2            
  tpis78  *H2              g 5/01  HCHO,formaldehy  g 6/01  HCOOH          
  g 8/89  H2O              g 6/99  H2O2             g 6/01  (HCOOH)2       
  g 5/97  *O               g 4/02  *OH              tpis89  *O2            
  g 8/01  O3               n 4/83  C(gr)            n 4/83  C(gr)          
  n 4/83  C(gr)            g11/99  H2O(cr)          g 8/01  H2O(L)         
  g 8/01  H2O(L)         

 SPECIES WITH TRANSPORT PROPERTIES

        PURE SPECIES

  C                 CH4               CH3OH             CO              
  CO2               C2H2,acetylene  
  C2H4              C2H6              C2H5OH            H               
  H2                H2O             
  O                 OH                O2              

     BINARY INTERACTIONS

     C               O               
     CH4             O2              
     CO              CO2             
     CO              O2              
     CO2             H2              
     CO2             H2O             
     CO2             O2              
     H               H2              
     H               O               
     H2              H2O             
     H2              O2              
     H2O             O2              
     O               O2              


 O/F =   1.000000

                       EFFECTIVE FUEL     EFFECTIVE OXIDANT        MIXTURE
 ENTHALPY                  h(2)/R              h(1)/R               h0/R
 (KG-MOL)(K)/KG       -0.23279914E+03     -0.91569819E+03     -0.57424867E+03

 KG-FORM.WT./KG             bi(2)               bi(1)               b0i
  *H                   0.14258643E+00      0.69241888E-01      0.10591416E+00
  *O                   0.00000000E+00      0.58140201E-01      0.29070100E-01
  *C                   0.71293216E-01      0.00000000E+00      0.35646608E-01

 POINT ITN      T            H           O           C 
   1   20     970.973      -8.262     -38.363      -0.078
 ADD  C(gr)          
   1    4     992.949      -8.047     -37.276      -1.512
 Pinf/Pt = 1.726532
   2    3     946.680      -8.259     -38.618      -1.446
 Pinf/Pt = 1.725445
   2    2     946.731      -8.259     -38.616      -1.446
   3    4     828.620      -8.887     -42.728      -1.277
   3    3     834.346      -8.853     -42.502      -1.285
   3    2     834.386      -8.853     -42.501      -1.285





              THEORETICAL ROCKET PERFORMANCE ASSUMING EQUILIBRIUM

           COMPOSITION DURING EXPANSION FROM INFINITE AREA COMBUSTOR

 Pin =   145.0 PSIA
 CASE = Pc_01.00__of_01

             REACTANT                    WT FRACTION      ENERGY      TEMP
                                          (SEE NOTE)     KJ/KG-MOL      K  
 OXIDANT     H2O2(L)                      0.8000000   -188508.040    290.000
 OXIDANT     H2O(L)                       0.2000000   -286444.100    290.000
 FUEL        PE                           1.0000000    -54300.000    300.000

 O/F=    1.00000  %FUEL= 50.000000  R,EQ.RATIO= 4.274161  PHI,EQ.RATIO= 9.093810

                 CHAMBER   THROAT     EXIT
 Pinf/P            1.0000   1.7254   7.4958
 P, BAR            10.000   5.7956   1.3341
 T, K              992.95   946.73   834.39
 RHO, KG/CU M    2.1813 0 1.3435 0 3.6372-1
 H, KJ/KG        -4774.60 -5017.20 -5602.09
 U, KJ/KG        -5233.03 -5448.58 -5968.87
 G, KJ/KG        -16427.4 -16127.6 -15394.0
 S, KJ/(KG)(K)    11.7355  11.7355  11.7355

 M, (1/n)          18.009   18.248   18.915
 MW, MOL WT        14.299   14.207   14.088
 (dLV/dLP)t      -1.10892 -1.10377 -1.08946
 (dLV/dLT)p        2.5101   2.4745   2.3331
 Cp, KJ/(KG)(K)   13.1553  12.9951  11.9561
 GAMMAs            1.1264   1.1248   1.1244
 SON VEL,M/SEC      718.6    696.6    642.2
 MACH NUMBER        0.000    1.000    2.003

 TRANSPORT PROPERTIES (GASES ONLY)
   CONDUCTIVITY IN UNITS OF MILLIWATTS/(CM)(K)

 VISC,MILLIPOISE  0.37760  0.36545  0.33287

  WITH EQUILIBRIUM REACTIONS

 Cp, KJ/(KG)(K)   15.0140  15.2554  14.8056
 CONDUCTIVITY      9.2371   9.1374   8.4548
 PRANDTL NUMBER    0.6137   0.6101   0.5829

  WITH FROZEN REACTIONS

 Cp, KJ/(KG)(K)    2.8491   2.8300   2.7673
 CONDUCTIVITY      1.8227   1.7574   1.5704
 PRANDTL NUMBER    0.5902   0.5885   0.5866

 PERFORMANCE PARAMETERS

 Ae/At                      1.0000   2.0000
 CSTAR, M/SEC               1068.6   1068.6
 CF                         0.6519   1.2039
 Ivac, M/SEC                1315.9   1571.6
 Isp, M/SEC                  696.6   1286.5


 MOLE FRACTIONS

 CH4              0.13344  0.12940  0.12410
 *CO              0.09524  0.07669  0.03747
 *CO2             0.07498  0.07894  0.08540
 C2H6             0.00001  0.00001  0.00000
 *H2              0.31985  0.31511  0.29657
 H2O              0.17046  0.17845  0.20125
 C(gr)            0.20602  0.22140  0.25520

  * THERMODYNAMIC PROPERTIES FITTED TO 20000.K

    PRODUCTS WHICH WERE CONSIDERED BUT WHOSE MOLE FRACTIONS
    WERE LESS THAN 5.000000E-06 FOR ALL ASSIGNED CONDITIONS

 *C              *CH             CH2             CH3             CH2OH          
 CH3O            CH3OH           CH3OOH          COOH            *C2            
 C2H             C2H2,acetylene  C2H2,vinylidene CH2CO,ketene    O(CH)2O        
 HO(CO)2OH       C2H3,vinyl      CH3CO,acetyl    C2H4            C2H4O,ethylen-o
 CH3CHO,ethanal  CH3COOH         OHCH2COOH       C2H5            C2H5OH         
 CH3OCH3         CH3O2CH3        C2O             *C3             C3H3,1-propynl 
 C3H3,2-propynl  C3H4,allene     C3H4,propyne    C3H4,cyclo-     C3H5,allyl     
 C3H6,propylene  C3H6,cyclo-     C3H6O,propylox  C3H6O,acetone   C3H6O,propanal 
 C3H7,n-propyl   C3H7,i-propyl   C3H8            C3H8O,1propanol C3H8O,2propanol
 C3O2            *C4             C4H2,butadiyne  C4H4,1,3-cyclo- C4H6,butadiene 
 C4H6,1butyne    C4H6,2butyne    C4H6,cyclo-     C4H8,1-butene   C4H8,cis2-buten
 C4H8,tr2-butene C4H8,isobutene  C4H8,cyclo-     (CH3COOH)2      C4H9,n-butyl   
 C4H9,i-butyl    C4H9,s-butyl    C4H9,t-butyl    C4H10,n-butane  C4H10,isobutane
 *C5             C5H6,1,3cyclo-  C5H8,cyclo-     C5H10,1-pentene C5H10,cyclo-   
 C5H11,pentyl    C5H11,t-pentyl  C5H12,n-pentane C5H12,i-pentane CH3C(CH3)2CH3  
 C6H2            C6H5,phenyl     C6H5O,phenoxy   C6H6            C6H5OH,phenol  
 C6H10,cyclo-    C6H12,1-hexene  C6H12,cyclo-    C6H13,n-hexyl   C6H14,n-hexane 
 C7H7,benzyl     C7H8            C7H8O,cresol-mx C7H14,1-heptene C7H15,n-heptyl 
 C7H16,n-heptane C7H16,2-methylh C8H8,styrene    C8H10,ethylbenz C8H16,1-octene 
 C8H17,n-octyl   C8H18,n-octane  C8H18,isooctane C9H19,n-nonyl   C10H8,naphthale
 C10H21,n-decyl  C12H9,o-bipheny C12H10,biphenyl *H              HCO            
 HCCO            HO2             HCHO,formaldehy HCOOH           H2O2           
 (HCOOH)2        *O              *OH             *O2             O3             
 H2O(cr)         H2O(L)         

 NOTE. WEIGHT FRACTION OF FUEL IN TOTAL FUELS AND OF OXIDANT IN TOTAL OXIDANTS



